<?xml version="1.0" encoding="UTF-8"?>
<testsuite xmlns:xsi="http://www.w3.org/2001/XMLSchema-instance" xsi:noNamespaceSchemaLocation="https://maven.apache.org/surefire/maven-surefire-plugin/xsd/surefire-test-report.xsd" version="3.0.2" name="com.testcontainers.demo.DemoIntegrationTests" time="13.216" tests="10" errors="0" skipped="0" failures="0">
  <properties>
    <property name="java.specification.version" value="21"/>
    <property name="sun.cpu.isalist" value="amd64"/>
    <property name="sun.jnu.encoding" value="Cp1252"/>
    <property name="java.class.path" value="C:\Users\a453813\dev\git\formations\communaute_tech_pessac\demo-testcontainers\target\test-classes;C:\Users\a453813\dev\git\formations\communaute_tech_pessac\demo-testcontainers\target\classes;C:\Users\a453813\dev\.m2\org\springframework\boot\spring-boot-starter\3.4.2\spring-boot-starter-3.4.2.jar;C:\Users\a453813\dev\.m2\org\springframework\boot\spring-boot\3.4.2\spring-boot-3.4.2.jar;C:\Users\a453813\dev\.m2\org\springframework\spring-context\6.2.2\spring-context-6.2.2.jar;C:\Users\a453813\dev\.m2\org\springframework\boot\spring-boot-autoconfigure\3.4.2\spring-boot-autoconfigure-3.4.2.jar;C:\Users\a453813\dev\.m2\org\springframework\boot\spring-boot-starter-logging\3.4.2\spring-boot-starter-logging-3.4.2.jar;C:\Users\a453813\dev\.m2\ch\qos\logback\logback-classic\1.5.16\logback-classic-1.5.16.jar;C:\Users\a453813\dev\.m2\ch\qos\logback\logback-core\1.5.16\logback-core-1.5.16.jar;C:\Users\a453813\dev\.m2\org\apache\logging\log4j\log4j-to-slf4j\2.24.3\log4j-to-slf4j-2.24.3.jar;C:\Users\a453813\dev\.m2\org\apache\logging\log4j\log4j-api\2.24.3\log4j-api-2.24.3.jar;C:\Users\a453813\dev\.m2\org\slf4j\jul-to-slf4j\2.0.16\jul-to-slf4j-2.0.16.jar;C:\Users\a453813\dev\.m2\jakarta\annotation\jakarta.annotation-api\2.1.1\jakarta.annotation-api-2.1.1.jar;C:\Users\a453813\dev\.m2\org\springframework\spring-core\6.2.2\spring-core-6.2.2.jar;C:\Users\a453813\dev\.m2\org\springframework\spring-jcl\6.2.2\spring-jcl-6.2.2.jar;C:\Users\a453813\dev\.m2\org\yaml\snakeyaml\2.3\snakeyaml-2.3.jar;C:\Users\a453813\dev\.m2\org\springframework\boot\spring-boot-starter-validation\3.4.2\spring-boot-starter-validation-3.4.2.jar;C:\Users\a453813\dev\.m2\org\apache\tomcat\embed\tomcat-embed-el\10.1.34\tomcat-embed-el-10.1.34.jar;C:\Users\a453813\dev\.m2\org\hibernate\validator\hibernate-validator\8.0.2.Final\hibernate-validator-8.0.2.Final.jar;C:\Users\a453813\dev\.m2\org\jboss\logging\jboss-logging\3.6.1.Final\jboss-logging-3.6.1.Final.jar;C:\Users\a453813\dev\.m2\com\fasterxml\classmate\1.7.0\classmate-1.7.0.jar;C:\Users\a453813\dev\.m2\org\springframework\boot\spring-boot-starter-web\3.4.2\spring-boot-starter-web-3.4.2.jar;C:\Users\a453813\dev\.m2\org\springframework\boot\spring-boot-starter-json\3.4.2\spring-boot-starter-json-3.4.2.jar;C:\Users\a453813\dev\.m2\com\fasterxml\jackson\datatype\jackson-datatype-jdk8\2.18.2\jackson-datatype-jdk8-2.18.2.jar;C:\Users\a453813\dev\.m2\com\fasterxml\jackson\module\jackson-module-parameter-names\2.18.2\jackson-module-parameter-names-2.18.2.jar;C:\Users\a453813\dev\.m2\org\springframework\boot\spring-boot-starter-tomcat\3.4.2\spring-boot-starter-tomcat-3.4.2.jar;C:\Users\a453813\dev\.m2\org\apache\tomcat\embed\tomcat-embed-core\10.1.34\tomcat-embed-core-10.1.34.jar;C:\Users\a453813\dev\.m2\org\apache\tomcat\embed\tomcat-embed-websocket\10.1.34\tomcat-embed-websocket-10.1.34.jar;C:\Users\a453813\dev\.m2\org\springframework\spring-web\6.2.2\spring-web-6.2.2.jar;C:\Users\a453813\dev\.m2\org\springframework\spring-beans\6.2.2\spring-beans-6.2.2.jar;C:\Users\a453813\dev\.m2\io\micrometer\micrometer-observation\1.14.3\micrometer-observation-1.14.3.jar;C:\Users\a453813\dev\.m2\io\micrometer\micrometer-commons\1.14.3\micrometer-commons-1.14.3.jar;C:\Users\a453813\dev\.m2\org\springframework\spring-webmvc\6.2.2\spring-webmvc-6.2.2.jar;C:\Users\a453813\dev\.m2\org\springframework\spring-aop\6.2.2\spring-aop-6.2.2.jar;C:\Users\a453813\dev\.m2\org\springframework\spring-expression\6.2.2\spring-expression-6.2.2.jar;C:\Users\a453813\dev\.m2\org\springframework\boot\spring-boot-starter-data-jpa\3.4.2\spring-boot-starter-data-jpa-3.4.2.jar;C:\Users\a453813\dev\.m2\org\springframework\boot\spring-boot-starter-jdbc\3.4.2\spring-boot-starter-jdbc-3.4.2.jar;C:\Users\a453813\dev\.m2\com\zaxxer\HikariCP\5.1.0\HikariCP-5.1.0.jar;C:\Users\a453813\dev\.m2\org\springframework\spring-jdbc\6.2.2\spring-jdbc-6.2.2.jar;C:\Users\a453813\dev\.m2\org\hibernate\orm\hibernate-core\6.6.5.Final\hibernate-core-6.6.5.Final.jar;C:\Users\a453813\dev\.m2\jakarta\persistence\jakarta.persistence-api\3.1.0\jakarta.persistence-api-3.1.0.jar;C:\Users\a453813\dev\.m2\jakarta\transaction\jakarta.transaction-api\2.0.1\jakarta.transaction-api-2.0.1.jar;C:\Users\a453813\dev\.m2\org\hibernate\common\hibernate-commons-annotations\7.0.3.Final\hibernate-commons-annotations-7.0.3.Final.jar;C:\Users\a453813\dev\.m2\io\smallrye\jandex\3.2.0\jandex-3.2.0.jar;C:\Users\a453813\dev\.m2\net\bytebuddy\byte-buddy\1.15.11\byte-buddy-1.15.11.jar;C:\Users\a453813\dev\.m2\org\glassfish\jaxb\jaxb-runtime\4.0.5\jaxb-runtime-4.0.5.jar;C:\Users\a453813\dev\.m2\org\glassfish\jaxb\jaxb-core\4.0.5\jaxb-core-4.0.5.jar;C:\Users\a453813\dev\.m2\org\eclipse\angus\angus-activation\2.0.2\angus-activation-2.0.2.jar;C:\Users\a453813\dev\.m2\org\glassfish\jaxb\txw2\4.0.5\txw2-4.0.5.jar;C:\Users\a453813\dev\.m2\com\sun\istack\istack-commons-runtime\4.1.2\istack-commons-runtime-4.1.2.jar;C:\Users\a453813\dev\.m2\jakarta\inject\jakarta.inject-api\2.0.1\jakarta.inject-api-2.0.1.jar;C:\Users\a453813\dev\.m2\org\antlr\antlr4-runtime\4.13.0\antlr4-runtime-4.13.0.jar;C:\Users\a453813\dev\.m2\org\springframework\data\spring-data-jpa\3.4.2\spring-data-jpa-3.4.2.jar;C:\Users\a453813\dev\.m2\org\springframework\data\spring-data-commons\3.4.2\spring-data-commons-3.4.2.jar;C:\Users\a453813\dev\.m2\org\springframework\spring-orm\6.2.2\spring-orm-6.2.2.jar;C:\Users\a453813\dev\.m2\org\springframework\spring-tx\6.2.2\spring-tx-6.2.2.jar;C:\Users\a453813\dev\.m2\org\springframework\spring-aspects\6.2.2\spring-aspects-6.2.2.jar;C:\Users\a453813\dev\.m2\org\aspectj\aspectjweaver\1.9.22.1\aspectjweaver-1.9.22.1.jar;C:\Users\a453813\dev\.m2\org\projectlombok\lombok\1.18.36\lombok-1.18.36.jar;C:\Users\a453813\dev\.m2\org\apache\commons\commons-lang3\3.17.0\commons-lang3-3.17.0.jar;C:\Users\a453813\dev\.m2\org\springdoc\springdoc-openapi-starter-webmvc-ui\2.8.3\springdoc-openapi-starter-webmvc-ui-2.8.3.jar;C:\Users\a453813\dev\.m2\org\springdoc\springdoc-openapi-starter-webmvc-api\2.8.3\springdoc-openapi-starter-webmvc-api-2.8.3.jar;C:\Users\a453813\dev\.m2\org\springdoc\springdoc-openapi-starter-common\2.8.3\springdoc-openapi-starter-common-2.8.3.jar;C:\Users\a453813\dev\.m2\io\swagger\core\v3\swagger-core-jakarta\2.2.27\swagger-core-jakarta-2.2.27.jar;C:\Users\a453813\dev\.m2\io\swagger\core\v3\swagger-annotations-jakarta\2.2.27\swagger-annotations-jakarta-2.2.27.jar;C:\Users\a453813\dev\.m2\io\swagger\core\v3\swagger-models-jakarta\2.2.27\swagger-models-jakarta-2.2.27.jar;C:\Users\a453813\dev\.m2\org\webjars\swagger-ui\5.18.2\swagger-ui-5.18.2.jar;C:\Users\a453813\dev\.m2\org\webjars\webjars-locator-lite\1.0.1\webjars-locator-lite-1.0.1.jar;C:\Users\a453813\dev\.m2\org\jspecify\jspecify\1.0.0\jspecify-1.0.0.jar;C:\Users\a453813\dev\.m2\io\swagger\core\v3\swagger-core\2.2.28\swagger-core-2.2.28.jar;C:\Users\a453813\dev\.m2\jakarta\xml\bind\jakarta.xml.bind-api\4.0.2\jakarta.xml.bind-api-4.0.2.jar;C:\Users\a453813\dev\.m2\jakarta\activation\jakarta.activation-api\2.1.3\jakarta.activation-api-2.1.3.jar;C:\Users\a453813\dev\.m2\org\slf4j\slf4j-api\2.0.16\slf4j-api-2.0.16.jar;C:\Users\a453813\dev\.m2\com\fasterxml\jackson\core\jackson-annotations\2.18.2\jackson-annotations-2.18.2.jar;C:\Users\a453813\dev\.m2\com\fasterxml\jackson\core\jackson-databind\2.18.2\jackson-databind-2.18.2.jar;C:\Users\a453813\dev\.m2\com\fasterxml\jackson\core\jackson-core\2.18.2\jackson-core-2.18.2.jar;C:\Users\a453813\dev\.m2\com\fasterxml\jackson\dataformat\jackson-dataformat-yaml\2.18.2\jackson-dataformat-yaml-2.18.2.jar;C:\Users\a453813\dev\.m2\com\fasterxml\jackson\datatype\jackson-datatype-jsr310\2.18.2\jackson-datatype-jsr310-2.18.2.jar;C:\Users\a453813\dev\.m2\io\swagger\core\v3\swagger-models\2.2.28\swagger-models-2.2.28.jar;C:\Users\a453813\dev\.m2\jakarta\validation\jakarta.validation-api\3.0.2\jakarta.validation-api-3.0.2.jar;C:\Users\a453813\dev\.m2\io\swagger\core\v3\swagger-annotations\2.2.28\swagger-annotations-2.2.28.jar;C:\Users\a453813\dev\.m2\org\springframework\boot\spring-boot-starter-test\3.4.2\spring-boot-starter-test-3.4.2.jar;C:\Users\a453813\dev\.m2\org\springframework\boot\spring-boot-test\3.4.2\spring-boot-test-3.4.2.jar;C:\Users\a453813\dev\.m2\org\springframework\boot\spring-boot-test-autoconfigure\3.4.2\spring-boot-test-autoconfigure-3.4.2.jar;C:\Users\a453813\dev\.m2\com\jayway\jsonpath\json-path\2.9.0\json-path-2.9.0.jar;C:\Users\a453813\dev\.m2\net\minidev\json-smart\2.5.1\json-smart-2.5.1.jar;C:\Users\a453813\dev\.m2\net\minidev\accessors-smart\2.5.1\accessors-smart-2.5.1.jar;C:\Users\a453813\dev\.m2\org\ow2\asm\asm\9.6\asm-9.6.jar;C:\Users\a453813\dev\.m2\org\assertj\assertj-core\3.26.3\assertj-core-3.26.3.jar;C:\Users\a453813\dev\.m2\org\awaitility\awaitility\4.2.2\awaitility-4.2.2.jar;C:\Users\a453813\dev\.m2\org\hamcrest\hamcrest\2.2\hamcrest-2.2.jar;C:\Users\a453813\dev\.m2\org\junit\jupiter\junit-jupiter\5.11.4\junit-jupiter-5.11.4.jar;C:\Users\a453813\dev\.m2\org\junit\jupiter\junit-jupiter-api\5.11.4\junit-jupiter-api-5.11.4.jar;C:\Users\a453813\dev\.m2\org\opentest4j\opentest4j\1.3.0\opentest4j-1.3.0.jar;C:\Users\a453813\dev\.m2\org\junit\platform\junit-platform-commons\1.11.4\junit-platform-commons-1.11.4.jar;C:\Users\a453813\dev\.m2\org\apiguardian\apiguardian-api\1.1.2\apiguardian-api-1.1.2.jar;C:\Users\a453813\dev\.m2\org\junit\jupiter\junit-jupiter-params\5.11.4\junit-jupiter-params-5.11.4.jar;C:\Users\a453813\dev\.m2\org\junit\jupiter\junit-jupiter-engine\5.11.4\junit-jupiter-engine-5.11.4.jar;C:\Users\a453813\dev\.m2\org\junit\platform\junit-platform-engine\1.11.4\junit-platform-engine-1.11.4.jar;C:\Users\a453813\dev\.m2\org\mockito\mockito-core\5.14.2\mockito-core-5.14.2.jar;C:\Users\a453813\dev\.m2\net\bytebuddy\byte-buddy-agent\1.15.11\byte-buddy-agent-1.15.11.jar;C:\Users\a453813\dev\.m2\org\objenesis\objenesis\3.3\objenesis-3.3.jar;C:\Users\a453813\dev\.m2\org\mockito\mockito-junit-jupiter\5.14.2\mockito-junit-jupiter-5.14.2.jar;C:\Users\a453813\dev\.m2\org\skyscreamer\jsonassert\1.5.3\jsonassert-1.5.3.jar;C:\Users\a453813\dev\.m2\com\vaadin\external\google\android-json\0.0.20131108.vaadin1\android-json-0.0.20131108.vaadin1.jar;C:\Users\a453813\dev\.m2\org\springframework\spring-test\6.2.2\spring-test-6.2.2.jar;C:\Users\a453813\dev\.m2\org\xmlunit\xmlunit-core\2.10.0\xmlunit-core-2.10.0.jar;C:\Users\a453813\dev\.m2\org\springframework\boot\spring-boot-testcontainers\3.4.2\spring-boot-testcontainers-3.4.2.jar;C:\Users\a453813\dev\.m2\org\testcontainers\testcontainers\1.20.4\testcontainers-1.20.4.jar;C:\Users\a453813\dev\.m2\junit\junit\4.13.2\junit-4.13.2.jar;C:\Users\a453813\dev\.m2\org\hamcrest\hamcrest-core\2.2\hamcrest-core-2.2.jar;C:\Users\a453813\dev\.m2\org\apache\commons\commons-compress\1.24.0\commons-compress-1.24.0.jar;C:\Users\a453813\dev\.m2\org\rnorth\duct-tape\duct-tape\1.0.8\duct-tape-1.0.8.jar;C:\Users\a453813\dev\.m2\org\jetbrains\annotations\17.0.0\annotations-17.0.0.jar;C:\Users\a453813\dev\.m2\com\github\docker-java\docker-java-api\3.4.0\docker-java-api-3.4.0.jar;C:\Users\a453813\dev\.m2\com\github\docker-java\docker-java-transport-zerodep\3.4.0\docker-java-transport-zerodep-3.4.0.jar;C:\Users\a453813\dev\.m2\com\github\docker-java\docker-java-transport\3.4.0\docker-java-transport-3.4.0.jar;C:\Users\a453813\dev\.m2\net\java\dev\jna\jna\5.13.0\jna-5.13.0.jar;C:\Users\a453813\dev\.m2\org\testcontainers\junit-jupiter\1.20.4\junit-jupiter-1.20.4.jar;C:\Users\a453813\dev\.m2\org\postgresql\postgresql\42.7.3\postgresql-42.7.3.jar;C:\Users\a453813\dev\.m2\org\checkerframework\checker-qual\3.42.0\checker-qual-3.42.0.jar;C:\Users\a453813\dev\.m2\org\testcontainers\postgresql\1.20.4\postgresql-1.20.4.jar;C:\Users\a453813\dev\.m2\org\testcontainers\jdbc\1.20.4\jdbc-1.20.4.jar;C:\Users\a453813\dev\.m2\org\testcontainers\database-commons\1.20.4\database-commons-1.20.4.jar;C:\Users\a453813\dev\.m2\org\liquibase\liquibase-core\4.31.0\liquibase-core-4.31.0.jar;C:\Users\a453813\dev\.m2\com\opencsv\opencsv\5.9\opencsv-5.9.jar;C:\Users\a453813\dev\.m2\javax\xml\bind\jaxb-api\2.3.1\jaxb-api-2.3.1.jar;C:\Users\a453813\dev\.m2\org\apache\commons\commons-collections4\4.4\commons-collections4-4.4.jar;C:\Users\a453813\dev\.m2\org\apache\commons\commons-text\1.13.0\commons-text-1.13.0.jar;C:\Users\a453813\dev\.m2\commons-io\commons-io\2.18.0\commons-io-2.18.0.jar;C:\Users\a453813\dev\.m2\com\h2database\h2\2.3.232\h2-2.3.232.jar;"/>
    <property name="java.vm.vendor" value="Oracle Corporation"/>
    <property name="sun.arch.data.model" value="64"/>
    <property name="user.variant" value=""/>
    <property name="catalina.useNaming" value="false"/>
    <property name="java.vendor.url" value="https://java.oracle.com/"/>
    <property name="user.timezone" value="Europe/Paris"/>
    <property name="org.jboss.logging.provider" value="slf4j"/>
    <property name="os.name" value="Windows 11"/>
    <property name="java.vm.specification.version" value="21"/>
    <property name="APPLICATION_NAME" value="demo-testcontainers"/>
    <property name="sun.java.launcher" value="SUN_STANDARD"/>
    <property name="user.country" value="FR"/>
    <property name="sun.boot.library.path" value="C:\Users\a453813\dev\tools\Java\jdk-21\bin"/>
    <property name="sun.java.command" value="C:\Users\a453813\AppData\Local\Temp\surefire5247230384554848000\surefirebooter-20250211153450687_3.jar C:\Users\a453813\AppData\Local\Temp\surefire5247230384554848000 2025-02-11T15-34-50_169-jvmRun1 surefire-20250211153450687_1tmp surefire_0-20250211153450687_2tmp"/>
    <property name="jdk.debug" value="release"/>
    <property name="surefire.test.class.path" value="C:\Users\a453813\dev\git\formations\communaute_tech_pessac\demo-testcontainers\target\test-classes;C:\Users\a453813\dev\git\formations\communaute_tech_pessac\demo-testcontainers\target\classes;C:\Users\a453813\dev\.m2\org\springframework\boot\spring-boot-starter\3.4.2\spring-boot-starter-3.4.2.jar;C:\Users\a453813\dev\.m2\org\springframework\boot\spring-boot\3.4.2\spring-boot-3.4.2.jar;C:\Users\a453813\dev\.m2\org\springframework\spring-context\6.2.2\spring-context-6.2.2.jar;C:\Users\a453813\dev\.m2\org\springframework\boot\spring-boot-autoconfigure\3.4.2\spring-boot-autoconfigure-3.4.2.jar;C:\Users\a453813\dev\.m2\org\springframework\boot\spring-boot-starter-logging\3.4.2\spring-boot-starter-logging-3.4.2.jar;C:\Users\a453813\dev\.m2\ch\qos\logback\logback-classic\1.5.16\logback-classic-1.5.16.jar;C:\Users\a453813\dev\.m2\ch\qos\logback\logback-core\1.5.16\logback-core-1.5.16.jar;C:\Users\a453813\dev\.m2\org\apache\logging\log4j\log4j-to-slf4j\2.24.3\log4j-to-slf4j-2.24.3.jar;C:\Users\a453813\dev\.m2\org\apache\logging\log4j\log4j-api\2.24.3\log4j-api-2.24.3.jar;C:\Users\a453813\dev\.m2\org\slf4j\jul-to-slf4j\2.0.16\jul-to-slf4j-2.0.16.jar;C:\Users\a453813\dev\.m2\jakarta\annotation\jakarta.annotation-api\2.1.1\jakarta.annotation-api-2.1.1.jar;C:\Users\a453813\dev\.m2\org\springframework\spring-core\6.2.2\spring-core-6.2.2.jar;C:\Users\a453813\dev\.m2\org\springframework\spring-jcl\6.2.2\spring-jcl-6.2.2.jar;C:\Users\a453813\dev\.m2\org\yaml\snakeyaml\2.3\snakeyaml-2.3.jar;C:\Users\a453813\dev\.m2\org\springframework\boot\spring-boot-starter-validation\3.4.2\spring-boot-starter-validation-3.4.2.jar;C:\Users\a453813\dev\.m2\org\apache\tomcat\embed\tomcat-embed-el\10.1.34\tomcat-embed-el-10.1.34.jar;C:\Users\a453813\dev\.m2\org\hibernate\validator\hibernate-validator\8.0.2.Final\hibernate-validator-8.0.2.Final.jar;C:\Users\a453813\dev\.m2\org\jboss\logging\jboss-logging\3.6.1.Final\jboss-logging-3.6.1.Final.jar;C:\Users\a453813\dev\.m2\com\fasterxml\classmate\1.7.0\classmate-1.7.0.jar;C:\Users\a453813\dev\.m2\org\springframework\boot\spring-boot-starter-web\3.4.2\spring-boot-starter-web-3.4.2.jar;C:\Users\a453813\dev\.m2\org\springframework\boot\spring-boot-starter-json\3.4.2\spring-boot-starter-json-3.4.2.jar;C:\Users\a453813\dev\.m2\com\fasterxml\jackson\datatype\jackson-datatype-jdk8\2.18.2\jackson-datatype-jdk8-2.18.2.jar;C:\Users\a453813\dev\.m2\com\fasterxml\jackson\module\jackson-module-parameter-names\2.18.2\jackson-module-parameter-names-2.18.2.jar;C:\Users\a453813\dev\.m2\org\springframework\boot\spring-boot-starter-tomcat\3.4.2\spring-boot-starter-tomcat-3.4.2.jar;C:\Users\a453813\dev\.m2\org\apache\tomcat\embed\tomcat-embed-core\10.1.34\tomcat-embed-core-10.1.34.jar;C:\Users\a453813\dev\.m2\org\apache\tomcat\embed\tomcat-embed-websocket\10.1.34\tomcat-embed-websocket-10.1.34.jar;C:\Users\a453813\dev\.m2\org\springframework\spring-web\6.2.2\spring-web-6.2.2.jar;C:\Users\a453813\dev\.m2\org\springframework\spring-beans\6.2.2\spring-beans-6.2.2.jar;C:\Users\a453813\dev\.m2\io\micrometer\micrometer-observation\1.14.3\micrometer-observation-1.14.3.jar;C:\Users\a453813\dev\.m2\io\micrometer\micrometer-commons\1.14.3\micrometer-commons-1.14.3.jar;C:\Users\a453813\dev\.m2\org\springframework\spring-webmvc\6.2.2\spring-webmvc-6.2.2.jar;C:\Users\a453813\dev\.m2\org\springframework\spring-aop\6.2.2\spring-aop-6.2.2.jar;C:\Users\a453813\dev\.m2\org\springframework\spring-expression\6.2.2\spring-expression-6.2.2.jar;C:\Users\a453813\dev\.m2\org\springframework\boot\spring-boot-starter-data-jpa\3.4.2\spring-boot-starter-data-jpa-3.4.2.jar;C:\Users\a453813\dev\.m2\org\springframework\boot\spring-boot-starter-jdbc\3.4.2\spring-boot-starter-jdbc-3.4.2.jar;C:\Users\a453813\dev\.m2\com\zaxxer\HikariCP\5.1.0\HikariCP-5.1.0.jar;C:\Users\a453813\dev\.m2\org\springframework\spring-jdbc\6.2.2\spring-jdbc-6.2.2.jar;C:\Users\a453813\dev\.m2\org\hibernate\orm\hibernate-core\6.6.5.Final\hibernate-core-6.6.5.Final.jar;C:\Users\a453813\dev\.m2\jakarta\persistence\jakarta.persistence-api\3.1.0\jakarta.persistence-api-3.1.0.jar;C:\Users\a453813\dev\.m2\jakarta\transaction\jakarta.transaction-api\2.0.1\jakarta.transaction-api-2.0.1.jar;C:\Users\a453813\dev\.m2\org\hibernate\common\hibernate-commons-annotations\7.0.3.Final\hibernate-commons-annotations-7.0.3.Final.jar;C:\Users\a453813\dev\.m2\io\smallrye\jandex\3.2.0\jandex-3.2.0.jar;C:\Users\a453813\dev\.m2\net\bytebuddy\byte-buddy\1.15.11\byte-buddy-1.15.11.jar;C:\Users\a453813\dev\.m2\org\glassfish\jaxb\jaxb-runtime\4.0.5\jaxb-runtime-4.0.5.jar;C:\Users\a453813\dev\.m2\org\glassfish\jaxb\jaxb-core\4.0.5\jaxb-core-4.0.5.jar;C:\Users\a453813\dev\.m2\org\eclipse\angus\angus-activation\2.0.2\angus-activation-2.0.2.jar;C:\Users\a453813\dev\.m2\org\glassfish\jaxb\txw2\4.0.5\txw2-4.0.5.jar;C:\Users\a453813\dev\.m2\com\sun\istack\istack-commons-runtime\4.1.2\istack-commons-runtime-4.1.2.jar;C:\Users\a453813\dev\.m2\jakarta\inject\jakarta.inject-api\2.0.1\jakarta.inject-api-2.0.1.jar;C:\Users\a453813\dev\.m2\org\antlr\antlr4-runtime\4.13.0\antlr4-runtime-4.13.0.jar;C:\Users\a453813\dev\.m2\org\springframework\data\spring-data-jpa\3.4.2\spring-data-jpa-3.4.2.jar;C:\Users\a453813\dev\.m2\org\springframework\data\spring-data-commons\3.4.2\spring-data-commons-3.4.2.jar;C:\Users\a453813\dev\.m2\org\springframework\spring-orm\6.2.2\spring-orm-6.2.2.jar;C:\Users\a453813\dev\.m2\org\springframework\spring-tx\6.2.2\spring-tx-6.2.2.jar;C:\Users\a453813\dev\.m2\org\springframework\spring-aspects\6.2.2\spring-aspects-6.2.2.jar;C:\Users\a453813\dev\.m2\org\aspectj\aspectjweaver\1.9.22.1\aspectjweaver-1.9.22.1.jar;C:\Users\a453813\dev\.m2\org\projectlombok\lombok\1.18.36\lombok-1.18.36.jar;C:\Users\a453813\dev\.m2\org\apache\commons\commons-lang3\3.17.0\commons-lang3-3.17.0.jar;C:\Users\a453813\dev\.m2\org\springdoc\springdoc-openapi-starter-webmvc-ui\2.8.3\springdoc-openapi-starter-webmvc-ui-2.8.3.jar;C:\Users\a453813\dev\.m2\org\springdoc\springdoc-openapi-starter-webmvc-api\2.8.3\springdoc-openapi-starter-webmvc-api-2.8.3.jar;C:\Users\a453813\dev\.m2\org\springdoc\springdoc-openapi-starter-common\2.8.3\springdoc-openapi-starter-common-2.8.3.jar;C:\Users\a453813\dev\.m2\io\swagger\core\v3\swagger-core-jakarta\2.2.27\swagger-core-jakarta-2.2.27.jar;C:\Users\a453813\dev\.m2\io\swagger\core\v3\swagger-annotations-jakarta\2.2.27\swagger-annotations-jakarta-2.2.27.jar;C:\Users\a453813\dev\.m2\io\swagger\core\v3\swagger-models-jakarta\2.2.27\swagger-models-jakarta-2.2.27.jar;C:\Users\a453813\dev\.m2\org\webjars\swagger-ui\5.18.2\swagger-ui-5.18.2.jar;C:\Users\a453813\dev\.m2\org\webjars\webjars-locator-lite\1.0.1\webjars-locator-lite-1.0.1.jar;C:\Users\a453813\dev\.m2\org\jspecify\jspecify\1.0.0\jspecify-1.0.0.jar;C:\Users\a453813\dev\.m2\io\swagger\core\v3\swagger-core\2.2.28\swagger-core-2.2.28.jar;C:\Users\a453813\dev\.m2\jakarta\xml\bind\jakarta.xml.bind-api\4.0.2\jakarta.xml.bind-api-4.0.2.jar;C:\Users\a453813\dev\.m2\jakarta\activation\jakarta.activation-api\2.1.3\jakarta.activation-api-2.1.3.jar;C:\Users\a453813\dev\.m2\org\slf4j\slf4j-api\2.0.16\slf4j-api-2.0.16.jar;C:\Users\a453813\dev\.m2\com\fasterxml\jackson\core\jackson-annotations\2.18.2\jackson-annotations-2.18.2.jar;C:\Users\a453813\dev\.m2\com\fasterxml\jackson\core\jackson-databind\2.18.2\jackson-databind-2.18.2.jar;C:\Users\a453813\dev\.m2\com\fasterxml\jackson\core\jackson-core\2.18.2\jackson-core-2.18.2.jar;C:\Users\a453813\dev\.m2\com\fasterxml\jackson\dataformat\jackson-dataformat-yaml\2.18.2\jackson-dataformat-yaml-2.18.2.jar;C:\Users\a453813\dev\.m2\com\fasterxml\jackson\datatype\jackson-datatype-jsr310\2.18.2\jackson-datatype-jsr310-2.18.2.jar;C:\Users\a453813\dev\.m2\io\swagger\core\v3\swagger-models\2.2.28\swagger-models-2.2.28.jar;C:\Users\a453813\dev\.m2\jakarta\validation\jakarta.validation-api\3.0.2\jakarta.validation-api-3.0.2.jar;C:\Users\a453813\dev\.m2\io\swagger\core\v3\swagger-annotations\2.2.28\swagger-annotations-2.2.28.jar;C:\Users\a453813\dev\.m2\org\springframework\boot\spring-boot-starter-test\3.4.2\spring-boot-starter-test-3.4.2.jar;C:\Users\a453813\dev\.m2\org\springframework\boot\spring-boot-test\3.4.2\spring-boot-test-3.4.2.jar;C:\Users\a453813\dev\.m2\org\springframework\boot\spring-boot-test-autoconfigure\3.4.2\spring-boot-test-autoconfigure-3.4.2.jar;C:\Users\a453813\dev\.m2\com\jayway\jsonpath\json-path\2.9.0\json-path-2.9.0.jar;C:\Users\a453813\dev\.m2\net\minidev\json-smart\2.5.1\json-smart-2.5.1.jar;C:\Users\a453813\dev\.m2\net\minidev\accessors-smart\2.5.1\accessors-smart-2.5.1.jar;C:\Users\a453813\dev\.m2\org\ow2\asm\asm\9.6\asm-9.6.jar;C:\Users\a453813\dev\.m2\org\assertj\assertj-core\3.26.3\assertj-core-3.26.3.jar;C:\Users\a453813\dev\.m2\org\awaitility\awaitility\4.2.2\awaitility-4.2.2.jar;C:\Users\a453813\dev\.m2\org\hamcrest\hamcrest\2.2\hamcrest-2.2.jar;C:\Users\a453813\dev\.m2\org\junit\jupiter\junit-jupiter\5.11.4\junit-jupiter-5.11.4.jar;C:\Users\a453813\dev\.m2\org\junit\jupiter\junit-jupiter-api\5.11.4\junit-jupiter-api-5.11.4.jar;C:\Users\a453813\dev\.m2\org\opentest4j\opentest4j\1.3.0\opentest4j-1.3.0.jar;C:\Users\a453813\dev\.m2\org\junit\platform\junit-platform-commons\1.11.4\junit-platform-commons-1.11.4.jar;C:\Users\a453813\dev\.m2\org\apiguardian\apiguardian-api\1.1.2\apiguardian-api-1.1.2.jar;C:\Users\a453813\dev\.m2\org\junit\jupiter\junit-jupiter-params\5.11.4\junit-jupiter-params-5.11.4.jar;C:\Users\a453813\dev\.m2\org\junit\jupiter\junit-jupiter-engine\5.11.4\junit-jupiter-engine-5.11.4.jar;C:\Users\a453813\dev\.m2\org\junit\platform\junit-platform-engine\1.11.4\junit-platform-engine-1.11.4.jar;C:\Users\a453813\dev\.m2\org\mockito\mockito-core\5.14.2\mockito-core-5.14.2.jar;C:\Users\a453813\dev\.m2\net\bytebuddy\byte-buddy-agent\1.15.11\byte-buddy-agent-1.15.11.jar;C:\Users\a453813\dev\.m2\org\objenesis\objenesis\3.3\objenesis-3.3.jar;C:\Users\a453813\dev\.m2\org\mockito\mockito-junit-jupiter\5.14.2\mockito-junit-jupiter-5.14.2.jar;C:\Users\a453813\dev\.m2\org\skyscreamer\jsonassert\1.5.3\jsonassert-1.5.3.jar;C:\Users\a453813\dev\.m2\com\vaadin\external\google\android-json\0.0.20131108.vaadin1\android-json-0.0.20131108.vaadin1.jar;C:\Users\a453813\dev\.m2\org\springframework\spring-test\6.2.2\spring-test-6.2.2.jar;C:\Users\a453813\dev\.m2\org\xmlunit\xmlunit-core\2.10.0\xmlunit-core-2.10.0.jar;C:\Users\a453813\dev\.m2\org\springframework\boot\spring-boot-testcontainers\3.4.2\spring-boot-testcontainers-3.4.2.jar;C:\Users\a453813\dev\.m2\org\testcontainers\testcontainers\1.20.4\testcontainers-1.20.4.jar;C:\Users\a453813\dev\.m2\junit\junit\4.13.2\junit-4.13.2.jar;C:\Users\a453813\dev\.m2\org\hamcrest\hamcrest-core\2.2\hamcrest-core-2.2.jar;C:\Users\a453813\dev\.m2\org\apache\commons\commons-compress\1.24.0\commons-compress-1.24.0.jar;C:\Users\a453813\dev\.m2\org\rnorth\duct-tape\duct-tape\1.0.8\duct-tape-1.0.8.jar;C:\Users\a453813\dev\.m2\org\jetbrains\annotations\17.0.0\annotations-17.0.0.jar;C:\Users\a453813\dev\.m2\com\github\docker-java\docker-java-api\3.4.0\docker-java-api-3.4.0.jar;C:\Users\a453813\dev\.m2\com\github\docker-java\docker-java-transport-zerodep\3.4.0\docker-java-transport-zerodep-3.4.0.jar;C:\Users\a453813\dev\.m2\com\github\docker-java\docker-java-transport\3.4.0\docker-java-transport-3.4.0.jar;C:\Users\a453813\dev\.m2\net\java\dev\jna\jna\5.13.0\jna-5.13.0.jar;C:\Users\a453813\dev\.m2\org\testcontainers\junit-jupiter\1.20.4\junit-jupiter-1.20.4.jar;C:\Users\a453813\dev\.m2\org\postgresql\postgresql\42.7.3\postgresql-42.7.3.jar;C:\Users\a453813\dev\.m2\org\checkerframework\checker-qual\3.42.0\checker-qual-3.42.0.jar;C:\Users\a453813\dev\.m2\org\testcontainers\postgresql\1.20.4\postgresql-1.20.4.jar;C:\Users\a453813\dev\.m2\org\testcontainers\jdbc\1.20.4\jdbc-1.20.4.jar;C:\Users\a453813\dev\.m2\org\testcontainers\database-commons\1.20.4\database-commons-1.20.4.jar;C:\Users\a453813\dev\.m2\org\liquibase\liquibase-core\4.31.0\liquibase-core-4.31.0.jar;C:\Users\a453813\dev\.m2\com\opencsv\opencsv\5.9\opencsv-5.9.jar;C:\Users\a453813\dev\.m2\javax\xml\bind\jaxb-api\2.3.1\jaxb-api-2.3.1.jar;C:\Users\a453813\dev\.m2\org\apache\commons\commons-collections4\4.4\commons-collections4-4.4.jar;C:\Users\a453813\dev\.m2\org\apache\commons\commons-text\1.13.0\commons-text-1.13.0.jar;C:\Users\a453813\dev\.m2\commons-io\commons-io\2.18.0\commons-io-2.18.0.jar;C:\Users\a453813\dev\.m2\com\h2database\h2\2.3.232\h2-2.3.232.jar;"/>
    <property name="sun.cpu.endian" value="little"/>
    <property name="user.home" value="C:\Users\a453813"/>
    <property name="user.language" value="fr"/>
    <property name="java.specification.vendor" value="Oracle Corporation"/>
    <property name="java.version.date" value="2023-10-17"/>
    <property name="java.home" value="C:\Users\a453813\dev\tools\Java\jdk-21"/>
    <property name="file.separator" value="\"/>
    <property name="basedir" value="C:\Users\a453813\dev\git\formations\communaute_tech_pessac\demo-testcontainers"/>
    <property name="java.vm.compressedOopsMode" value="Zero based"/>
    <property name="line.separator" value="&#10;"/>
    <property name="java.vm.specification.vendor" value="Oracle Corporation"/>
    <property name="java.specification.name" value="Java Platform API Specification"/>
    <property name="FILE_LOG_CHARSET" value="UTF-8"/>
    <property name="java.awt.headless" value="true"/>
    <property name="surefire.real.class.path" value="C:\Users\a453813\AppData\Local\Temp\surefire5247230384554848000\surefirebooter-20250211153450687_3.jar"/>
    <property name="user.script" value=""/>
    <property name="sun.management.compiler" value="HotSpot 64-Bit Tiered Compilers"/>
    <property name="java.runtime.version" value="21.0.1+12-LTS-29"/>
    <property name="user.name" value="a453813"/>
    <property name="stdout.encoding" value="Cp1252"/>
    <property name="path.separator" value=";"/>
    <property name="os.version" value="10.0"/>
    <property name="java.runtime.name" value="Java(TM) SE Runtime Environment"/>
    <property name="file.encoding" value="UTF-8"/>
    <property name="java.vm.name" value="Java HotSpot(TM) 64-Bit Server VM"/>
    <property name="localRepository" value="C:\Users\a453813\dev\.m2"/>
    <property name="java.vendor.url.bug" value="https://bugreport.java.com/bugreport/"/>
    <property name="java.io.tmpdir" value="C:\Users\a453813\AppData\Local\Temp\"/>
    <property name="catalina.home" value="C:\Users\a453813\AppData\Local\Temp\tomcat.0.14899646136100650964"/>
    <property name="com.zaxxer.hikari.pool_number" value="1"/>
    <property name="java.version" value="21.0.1"/>
    <property name="user.dir" value="C:\Users\a453813\dev\git\formations\communaute_tech_pessac\demo-testcontainers"/>
    <property name="os.arch" value="amd64"/>
    <property name="java.vm.specification.name" value="Java Virtual Machine Specification"/>
    <property name="PID" value="33168"/>
    <property name="sun.os.patch.level" value=""/>
    <property name="CONSOLE_LOG_CHARSET" value="UTF-8"/>
    <property name="catalina.base" value="C:\Users\a453813\AppData\Local\Temp\tomcat.0.14899646136100650964"/>
    <property name="native.encoding" value="Cp1252"/>
    <property name="java.library.path" value="C:\Users\a453813\dev\tools\Java\jdk-21\bin;C:\Windows\Sun\Java\bin;C:\Windows\system32;C:\Windows;C:\Python313\Scripts\;C:\Python313\;C:\Windows\system32;C:\Windows;C:\Windows\System32\Wbem;C:\Windows\System32\WindowsPowerShell\v1.0\;C:\Windows\System32\OpenSSH\;C:\Program Files\TortoiseGit\bin;C:\Program Files (x86)\Common Files\Pulse Secure\VC142.CRT\X64\;C:\Program Files (x86)\Common Files\Pulse Secure\VC142.CRT\X86\;C:\Program Files (x86)\Pulse Secure\VC142.CRT\X64\;C:\Program Files (x86)\Pulse Secure\VC142.CRT\X86\;C:\Program Files (x86)\Common Files\Pulse Secure\TNC Client Plugin\;C:\Users\a453813\dev\tools\smimesign-windows-amd64-v0.2.0-rc1\;C:\Users\a453813\dev\tools\apache-maven-3.9.5\bin;C:\Program Files\Docker\Docker\resources\bin;%JAVA_HOME%\bin;C:\Users\a453813\dev\tools\nodejs\;C:\ProgramData\chocolatey\bin;C:\Program Files\PuTTY\;C:\Users\a453813\AppData\Local\Microsoft\WindowsApps;C:\Users\a453813\AppData\Local\Programs\Git\cmd;C:\Program Files (x86)\Nmap;C:\Users\a453813\dev\tools\apache-maven-3.9.5\bin;C:\Users\a453813\dev\tools\Java\jdk-21\bin;C:\Users\a453813\dev\tools\smimesign-windows-amd64-v0.2.0-rc1\smimesign;C:\Users\a453813\AppData\Roaming\npm;C:\Users\a453813\dev\tools\node-v22.12.0-win-x64;C:\Users\a453813\AppData\Local\Microsoft\WindowsApps;;."/>
    <property name="java.vm.info" value="mixed mode, sharing"/>
    <property name="stderr.encoding" value="Cp1252"/>
    <property name="java.vendor" value="Oracle Corporation"/>
    <property name="java.vm.version" value="21.0.1+12-LTS-29"/>
    <property name="sun.io.unicode.encoding" value="UnicodeLittle"/>
    <property name="java.class.version" value="65.0"/>
    <property name="LOGGED_APPLICATION_NAME" value="[demo-testcontainers] "/>
  </properties>
  <testcase name="testGetAthleteByExistingSurname" classname="com.testcontainers.demo.DemoIntegrationTests" time="1.664">
    <system-out><![CDATA[
  .   ____          _            __ _ _
 /\\ / ___'_ __ _ _(_)_ __  __ _ \ \ \ \
( ( )\___ | '_ | '_| | '_ \/ _` | \ \ \ \
 \\/  ___)| |_)| | | | | || (_| |  ) ) ) )
  '  |____| .__|_| |_|_| |_\__, | / / / /
 =========|_|==============|___/=/_/_/_/

 :: Spring Boot ::                (v3.4.2)

2025-02-11T15:34:53.775+01:00  INFO 33168 --- [demo-testcontainers] [           main] c.t.demo.DemoIntegrationTests            : Starting DemoIntegrationTests using Java 21.0.1 with PID 33168 (started by a453813 in C:\Users\a453813\dev\git\formations\communaute_tech_pessac\demo-testcontainers)
2025-02-11T15:34:53.783+01:00  INFO 33168 --- [demo-testcontainers] [           main] c.t.demo.DemoIntegrationTests            : No active profile set, falling back to 1 default profile: "default"
2025-02-11T15:34:55.921+01:00  INFO 33168 --- [demo-testcontainers] [           main] .s.d.r.c.RepositoryConfigurationDelegate : Bootstrapping Spring Data JPA repositories in DEFAULT mode.
2025-02-11T15:34:56.108+01:00  INFO 33168 --- [demo-testcontainers] [           main] .s.d.r.c.RepositoryConfigurationDelegate : Finished Spring Data repository scanning in 155 ms. Found 1 JPA repository interface.
2025-02-11T15:34:57.573+01:00  INFO 33168 --- [demo-testcontainers] [           main] o.s.b.w.embedded.tomcat.TomcatWebServer  : Tomcat initialized with port 0 (http)
2025-02-11T15:34:57.604+01:00  INFO 33168 --- [demo-testcontainers] [           main] o.apache.catalina.core.StandardService   : Starting service [Tomcat]
2025-02-11T15:34:57.605+01:00  INFO 33168 --- [demo-testcontainers] [           main] o.apache.catalina.core.StandardEngine    : Starting Servlet engine: [Apache Tomcat/10.1.34]
2025-02-11T15:34:57.723+01:00  INFO 33168 --- [demo-testcontainers] [           main] o.a.c.c.C.[Tomcat].[localhost].[/api]    : Initializing Spring embedded WebApplicationContext
2025-02-11T15:34:57.726+01:00  INFO 33168 --- [demo-testcontainers] [           main] w.s.c.ServletWebServerApplicationContext : Root WebApplicationContext: initialization completed in 3898 ms
2025-02-11T15:34:58.128+01:00  INFO 33168 --- [demo-testcontainers] [           main] o.hibernate.jpa.internal.util.LogHelper  : HHH000204: Processing PersistenceUnitInfo [name: default]
2025-02-11T15:34:58.336+01:00  INFO 33168 --- [demo-testcontainers] [           main] org.hibernate.Version                    : HHH000412: Hibernate ORM core version 6.6.5.Final
2025-02-11T15:34:58.447+01:00  INFO 33168 --- [demo-testcontainers] [           main] o.h.c.internal.RegionFactoryInitiator    : HHH000026: Second-level cache disabled
2025-02-11T15:34:59.118+01:00  INFO 33168 --- [demo-testcontainers] [           main] o.s.o.j.p.SpringPersistenceUnitInfo      : No LoadTimeWeaver setup: ignoring JPA class transformer
2025-02-11T15:34:59.157+01:00  INFO 33168 --- [demo-testcontainers] [           main] com.zaxxer.hikari.HikariDataSource       : HikariPool-1 - Starting...
2025-02-11T15:34:59.375+01:00  INFO 33168 --- [demo-testcontainers] [           main] com.zaxxer.hikari.pool.HikariPool        : HikariPool-1 - Added connection conn0: url=jdbc:h2:mem:demo user=SA
2025-02-11T15:34:59.377+01:00  INFO 33168 --- [demo-testcontainers] [           main] com.zaxxer.hikari.HikariDataSource       : HikariPool-1 - Start completed.
2025-02-11T15:34:59.404+01:00  WARN 33168 --- [demo-testcontainers] [           main] org.hibernate.dialect.Dialect            : HHH000511: The 2.3.232 version for [org.hibernate.dialect.PostgreSQLDialect] is no longer supported, hence certain features may not work properly. The minimum supported version is 12.0.0. Check the community dialects project for available legacy versions.
2025-02-11T15:34:59.410+01:00  WARN 33168 --- [demo-testcontainers] [           main] org.hibernate.orm.deprecation            : HHH90000025: PostgreSQLDialect does not need to be specified explicitly using 'hibernate.dialect' (remove the property setting and it will be selected by default)
2025-02-11T15:34:59.436+01:00  INFO 33168 --- [demo-testcontainers] [           main] org.hibernate.orm.connections.pooling    : HHH10001005: Database info:
	Database JDBC URL [Connecting through datasource 'HikariDataSource (HikariPool-1)']
	Database driver: undefined/unknown
	Database version: 2.3.232
	Autocommit mode: undefined/unknown
	Isolation level: undefined/unknown
	Minimum pool size: undefined/unknown
	Maximum pool size: undefined/unknown
2025-02-11T15:35:00.378+01:00  INFO 33168 --- [demo-testcontainers] [           main] o.h.e.t.j.p.i.JtaPlatformInitiator       : HHH000489: No JTA platform available (set 'hibernate.transaction.jta.platform' to enable JTA platform integration)
2025-02-11T15:35:00.447+01:00  INFO 33168 --- [demo-testcontainers] [           main] j.LocalContainerEntityManagerFactoryBean : Initialized JPA EntityManagerFactory for persistence unit 'default'
2025-02-11T15:35:01.583+01:00  WARN 33168 --- [demo-testcontainers] [           main] JpaBaseConfiguration$JpaWebConfiguration : spring.jpa.open-in-view is enabled by default. Therefore, database queries may be performed during view rendering. Explicitly configure spring.jpa.open-in-view to disable this warning
2025-02-11T15:35:02.609+01:00  INFO 33168 --- [demo-testcontainers] [           main] o.s.b.a.h2.H2ConsoleAutoConfiguration    : H2 console available at '/h2-console'. Database available at 'jdbc:h2:mem:demo'
2025-02-11T15:35:02.862+01:00  INFO 33168 --- [demo-testcontainers] [           main] o.a.c.c.C.[Tomcat].[localhost].[/api]    : Initializing Spring TestDispatcherServlet ''
2025-02-11T15:35:02.862+01:00  INFO 33168 --- [demo-testcontainers] [           main] o.s.t.web.servlet.TestDispatcherServlet  : Initializing Servlet ''
2025-02-11T15:35:02.866+01:00  INFO 33168 --- [demo-testcontainers] [           main] o.s.t.web.servlet.TestDispatcherServlet  : Completed initialization in 2 ms
2025-02-11T15:35:03.383+01:00  INFO 33168 --- [demo-testcontainers] [           main] o.s.b.w.embedded.tomcat.TomcatWebServer  : Tomcat started on port 17198 (http) with context path '/api'
2025-02-11T15:35:03.406+01:00  INFO 33168 --- [demo-testcontainers] [           main] c.t.demo.DemoIntegrationTests            : Started DemoIntegrationTests in 10.371 seconds (process running for 12.513)
]]></system-out>
    <system-err><![CDATA[Mockito is currently self-attaching to enable the inline-mock-maker. This will no longer work in future releases of the JDK. Please add Mockito as an agent to your build what is described in Mockito's documentation: https://javadoc.io/doc/org.mockito/mockito-core/latest/org/mockito/Mockito.html#0.3
WARNING: A Java agent has been loaded dynamically (C:\Users\a453813\dev\.m2\net\bytebuddy\byte-buddy-agent\1.15.11\byte-buddy-agent-1.15.11.jar)
WARNING: If a serviceability tool is in use, please run with -XX:+EnableDynamicAgentLoading to hide this warning
WARNING: If a serviceability tool is not in use, please run with -Djdk.instrument.traceUsage for more information
WARNING: Dynamic loading of agents will be disallowed by default in a future release
]]></system-err>
  </testcase>
  <testcase name="testGetAthleteByNotExistingSport" classname="com.testcontainers.demo.DemoIntegrationTests" time="0.014"/>
  <testcase name="testDeleteAthleteNotExisting" classname="com.testcontainers.demo.DemoIntegrationTests" time="0.069">
    <system-out><![CDATA[2025-02-11T15:35:05.153+01:00 ERROR 33168 --- [demo-testcontainers] [           main] c.t.d.exception.CustomExceptionHandler   : Pas d'athlète pour l'id 10
]]></system-out>
  </testcase>
  <testcase name="testGetAthleteByNotExistingSurname" classname="com.testcontainers.demo.DemoIntegrationTests" time="0.011"/>
  <testcase name="testGetAthleteByNotExistingId" classname="com.testcontainers.demo.DemoIntegrationTests" time="0.013">
    <system-out><![CDATA[2025-02-11T15:35:05.194+01:00 ERROR 33168 --- [demo-testcontainers] [           main] c.t.d.exception.CustomExceptionHandler   : Pas d'athlète pour l'id 11
]]></system-out>
  </testcase>
  <testcase name="testCreateAthlete" classname="com.testcontainers.demo.DemoIntegrationTests" time="0.318"/>
  <testcase name="testGetAthleteBySport" classname="com.testcontainers.demo.DemoIntegrationTests" time="0.012"/>
  <testcase name="testGetAthleteByExistingId" classname="com.testcontainers.demo.DemoIntegrationTests" time="0.011"/>
  <testcase name="testUpdateAthleteNotExisting" classname="com.testcontainers.demo.DemoIntegrationTests" time="0.01">
    <system-out><![CDATA[2025-02-11T15:35:05.553+01:00 ERROR 33168 --- [demo-testcontainers] [           main] c.t.d.exception.CustomExceptionHandler   : Pas d'athlète pour l'id 10
]]></system-out>
  </testcase>
  <testcase name="testGetAll" classname="com.testcontainers.demo.DemoIntegrationTests" time="0.023"/>
</testsuite>