<?xml version="1.0" encoding="UTF-8"?>
<testsuite xmlns:xsi="http://www.w3.org/2001/XMLSchema-instance" xsi:noNamespaceSchemaLocation="https://maven.apache.org/surefire/maven-surefire-plugin/xsd/surefire-test-report.xsd" version="3.0.2" name="com.testcontainers.demo.service.AthleteServiceImplTest" time="0.911" tests="11" errors="0" skipped="0" failures="0">
  <properties>
    <property name="java.specification.version" value="21"/>
    <property name="sun.cpu.isalist" value="amd64"/>
    <property name="sun.jnu.encoding" value="Cp1252"/>
    <property name="java.class.path" value="C:\Users\a453813\dev\git\formations\communaute_tech_pessac\demo-testcontainers\target\test-classes;C:\Users\a453813\dev\git\formations\communaute_tech_pessac\demo-testcontainers\target\classes;C:\Users\a453813\dev\.m2\org\springframework\boot\spring-boot-starter\3.4.2\spring-boot-starter-3.4.2.jar;C:\Users\a453813\dev\.m2\org\springframework\boot\spring-boot\3.4.2\spring-boot-3.4.2.jar;C:\Users\a453813\dev\.m2\org\springframework\spring-context\6.2.2\spring-context-6.2.2.jar;C:\Users\a453813\dev\.m2\org\springframework\boot\spring-boot-autoconfigure\3.4.2\spring-boot-autoconfigure-3.4.2.jar;C:\Users\a453813\dev\.m2\org\springframework\boot\spring-boot-starter-logging\3.4.2\spring-boot-starter-logging-3.4.2.jar;C:\Users\a453813\dev\.m2\ch\qos\logback\logback-classic\1.5.16\logback-classic-1.5.16.jar;C:\Users\a453813\dev\.m2\ch\qos\logback\logback-core\1.5.16\logback-core-1.5.16.jar;C:\Users\a453813\dev\.m2\org\apache\logging\log4j\log4j-to-slf4j\2.24.3\log4j-to-slf4j-2.24.3.jar;C:\Users\a453813\dev\.m2\org\apache\logging\log4j\log4j-api\2.24.3\log4j-api-2.24.3.jar;C:\Users\a453813\dev\.m2\org\slf4j\jul-to-slf4j\2.0.16\jul-to-slf4j-2.0.16.jar;C:\Users\a453813\dev\.m2\jakarta\annotation\jakarta.annotation-api\2.1.1\jakarta.annotation-api-2.1.1.jar;C:\Users\a453813\dev\.m2\org\springframework\spring-core\6.2.2\spring-core-6.2.2.jar;C:\Users\a453813\dev\.m2\org\springframework\spring-jcl\6.2.2\spring-jcl-6.2.2.jar;C:\Users\a453813\dev\.m2\org\yaml\snakeyaml\2.3\snakeyaml-2.3.jar;C:\Users\a453813\dev\.m2\org\springframework\boot\spring-boot-starter-validation\3.4.2\spring-boot-starter-validation-3.4.2.jar;C:\Users\a453813\dev\.m2\org\apache\tomcat\embed\tomcat-embed-el\10.1.34\tomcat-embed-el-10.1.34.jar;C:\Users\a453813\dev\.m2\org\hibernate\validator\hibernate-validator\8.0.2.Final\hibernate-validator-8.0.2.Final.jar;C:\Users\a453813\dev\.m2\org\jboss\logging\jboss-logging\3.6.1.Final\jboss-logging-3.6.1.Final.jar;C:\Users\a453813\dev\.m2\com\fasterxml\classmate\1.7.0\classmate-1.7.0.jar;C:\Users\a453813\dev\.m2\org\springframework\boot\spring-boot-starter-web\3.4.2\spring-boot-starter-web-3.4.2.jar;C:\Users\a453813\dev\.m2\org\springframework\boot\spring-boot-starter-json\3.4.2\spring-boot-starter-json-3.4.2.jar;C:\Users\a453813\dev\.m2\com\fasterxml\jackson\datatype\jackson-datatype-jdk8\2.18.2\jackson-datatype-jdk8-2.18.2.jar;C:\Users\a453813\dev\.m2\com\fasterxml\jackson\module\jackson-module-parameter-names\2.18.2\jackson-module-parameter-names-2.18.2.jar;C:\Users\a453813\dev\.m2\org\springframework\boot\spring-boot-starter-tomcat\3.4.2\spring-boot-starter-tomcat-3.4.2.jar;C:\Users\a453813\dev\.m2\org\apache\tomcat\embed\tomcat-embed-core\10.1.34\tomcat-embed-core-10.1.34.jar;C:\Users\a453813\dev\.m2\org\apache\tomcat\embed\tomcat-embed-websocket\10.1.34\tomcat-embed-websocket-10.1.34.jar;C:\Users\a453813\dev\.m2\org\springframework\spring-web\6.2.2\spring-web-6.2.2.jar;C:\Users\a453813\dev\.m2\org\springframework\spring-beans\6.2.2\spring-beans-6.2.2.jar;C:\Users\a453813\dev\.m2\io\micrometer\micrometer-observation\1.14.3\micrometer-observation-1.14.3.jar;C:\Users\a453813\dev\.m2\io\micrometer\micrometer-commons\1.14.3\micrometer-commons-1.14.3.jar;C:\Users\a453813\dev\.m2\org\springframework\spring-webmvc\6.2.2\spring-webmvc-6.2.2.jar;C:\Users\a453813\dev\.m2\org\springframework\spring-aop\6.2.2\spring-aop-6.2.2.jar;C:\Users\a453813\dev\.m2\org\springframework\spring-expression\6.2.2\spring-expression-6.2.2.jar;C:\Users\a453813\dev\.m2\org\springframework\boot\spring-boot-starter-data-jpa\3.4.2\spring-boot-starter-data-jpa-3.4.2.jar;C:\Users\a453813\dev\.m2\org\springframework\boot\spring-boot-starter-jdbc\3.4.2\spring-boot-starter-jdbc-3.4.2.jar;C:\Users\a453813\dev\.m2\com\zaxxer\HikariCP\5.1.0\HikariCP-5.1.0.jar;C:\Users\a453813\dev\.m2\org\springframework\spring-jdbc\6.2.2\spring-jdbc-6.2.2.jar;C:\Users\a453813\dev\.m2\org\hibernate\orm\hibernate-core\6.6.5.Final\hibernate-core-6.6.5.Final.jar;C:\Users\a453813\dev\.m2\jakarta\persistence\jakarta.persistence-api\3.1.0\jakarta.persistence-api-3.1.0.jar;C:\Users\a453813\dev\.m2\jakarta\transaction\jakarta.transaction-api\2.0.1\jakarta.transaction-api-2.0.1.jar;C:\Users\a453813\dev\.m2\org\hibernate\common\hibernate-commons-annotations\7.0.3.Final\hibernate-commons-annotations-7.0.3.Final.jar;C:\Users\a453813\dev\.m2\io\smallrye\jandex\3.2.0\jandex-3.2.0.jar;C:\Users\a453813\dev\.m2\net\bytebuddy\byte-buddy\1.15.11\byte-buddy-1.15.11.jar;C:\Users\a453813\dev\.m2\org\glassfish\jaxb\jaxb-runtime\4.0.5\jaxb-runtime-4.0.5.jar;C:\Users\a453813\dev\.m2\org\glassfish\jaxb\jaxb-core\4.0.5\jaxb-core-4.0.5.jar;C:\Users\a453813\dev\.m2\org\eclipse\angus\angus-activation\2.0.2\angus-activation-2.0.2.jar;C:\Users\a453813\dev\.m2\org\glassfish\jaxb\txw2\4.0.5\txw2-4.0.5.jar;C:\Users\a453813\dev\.m2\com\sun\istack\istack-commons-runtime\4.1.2\istack-commons-runtime-4.1.2.jar;C:\Users\a453813\dev\.m2\jakarta\inject\jakarta.inject-api\2.0.1\jakarta.inject-api-2.0.1.jar;C:\Users\a453813\dev\.m2\org\antlr\antlr4-runtime\4.13.0\antlr4-runtime-4.13.0.jar;C:\Users\a453813\dev\.m2\org\springframework\data\spring-data-jpa\3.4.2\spring-data-jpa-3.4.2.jar;C:\Users\a453813\dev\.m2\org\springframework\data\spring-data-commons\3.4.2\spring-data-commons-3.4.2.jar;C:\Users\a453813\dev\.m2\org\springframework\spring-orm\6.2.2\spring-orm-6.2.2.jar;C:\Users\a453813\dev\.m2\org\springframework\spring-tx\6.2.2\spring-tx-6.2.2.jar;C:\Users\a453813\dev\.m2\org\springframework\spring-aspects\6.2.2\spring-aspects-6.2.2.jar;C:\Users\a453813\dev\.m2\org\aspectj\aspectjweaver\1.9.22.1\aspectjweaver-1.9.22.1.jar;C:\Users\a453813\dev\.m2\org\projectlombok\lombok\1.18.36\lombok-1.18.36.jar;C:\Users\a453813\dev\.m2\org\apache\commons\commons-lang3\3.17.0\commons-lang3-3.17.0.jar;C:\Users\a453813\dev\.m2\org\springdoc\springdoc-openapi-starter-webmvc-ui\2.8.3\springdoc-openapi-starter-webmvc-ui-2.8.3.jar;C:\Users\a453813\dev\.m2\org\springdoc\springdoc-openapi-starter-webmvc-api\2.8.3\springdoc-openapi-starter-webmvc-api-2.8.3.jar;C:\Users\a453813\dev\.m2\org\springdoc\springdoc-openapi-starter-common\2.8.3\springdoc-openapi-starter-common-2.8.3.jar;C:\Users\a453813\dev\.m2\io\swagger\core\v3\swagger-core-jakarta\2.2.27\swagger-core-jakarta-2.2.27.jar;C:\Users\a453813\dev\.m2\io\swagger\core\v3\swagger-annotations-jakarta\2.2.27\swagger-annotations-jakarta-2.2.27.jar;C:\Users\a453813\dev\.m2\io\swagger\core\v3\swagger-models-jakarta\2.2.27\swagger-models-jakarta-2.2.27.jar;C:\Users\a453813\dev\.m2\org\webjars\swagger-ui\5.18.2\swagger-ui-5.18.2.jar;C:\Users\a453813\dev\.m2\org\webjars\webjars-locator-lite\1.0.1\webjars-locator-lite-1.0.1.jar;C:\Users\a453813\dev\.m2\org\jspecify\jspecify\1.0.0\jspecify-1.0.0.jar;C:\Users\a453813\dev\.m2\io\swagger\core\v3\swagger-core\2.2.28\swagger-core-2.2.28.jar;C:\Users\a453813\dev\.m2\jakarta\xml\bind\jakarta.xml.bind-api\4.0.2\jakarta.xml.bind-api-4.0.2.jar;C:\Users\a453813\dev\.m2\jakarta\activation\jakarta.activation-api\2.1.3\jakarta.activation-api-2.1.3.jar;C:\Users\a453813\dev\.m2\org\slf4j\slf4j-api\2.0.16\slf4j-api-2.0.16.jar;C:\Users\a453813\dev\.m2\com\fasterxml\jackson\core\jackson-annotations\2.18.2\jackson-annotations-2.18.2.jar;C:\Users\a453813\dev\.m2\com\fasterxml\jackson\core\jackson-databind\2.18.2\jackson-databind-2.18.2.jar;C:\Users\a453813\dev\.m2\com\fasterxml\jackson\core\jackson-core\2.18.2\jackson-core-2.18.2.jar;C:\Users\a453813\dev\.m2\com\fasterxml\jackson\dataformat\jackson-dataformat-yaml\2.18.2\jackson-dataformat-yaml-2.18.2.jar;C:\Users\a453813\dev\.m2\com\fasterxml\jackson\datatype\jackson-datatype-jsr310\2.18.2\jackson-datatype-jsr310-2.18.2.jar;C:\Users\a453813\dev\.m2\io\swagger\core\v3\swagger-models\2.2.28\swagger-models-2.2.28.jar;C:\Users\a453813\dev\.m2\jakarta\validation\jakarta.validation-api\3.0.2\jakarta.validation-api-3.0.2.jar;C:\Users\a453813\dev\.m2\io\swagger\core\v3\swagger-annotations\2.2.28\swagger-annotations-2.2.28.jar;C:\Users\a453813\dev\.m2\org\springframework\boot\spring-boot-starter-test\3.4.2\spring-boot-starter-test-3.4.2.jar;C:\Users\a453813\dev\.m2\org\springframework\boot\spring-boot-test\3.4.2\spring-boot-test-3.4.2.jar;C:\Users\a453813\dev\.m2\org\springframework\boot\spring-boot-test-autoconfigure\3.4.2\spring-boot-test-autoconfigure-3.4.2.jar;C:\Users\a453813\dev\.m2\com\jayway\jsonpath\json-path\2.9.0\json-path-2.9.0.jar;C:\Users\a453813\dev\.m2\net\minidev\json-smart\2.5.1\json-smart-2.5.1.jar;C:\Users\a453813\dev\.m2\net\minidev\accessors-smart\2.5.1\accessors-smart-2.5.1.jar;C:\Users\a453813\dev\.m2\org\ow2\asm\asm\9.6\asm-9.6.jar;C:\Users\a453813\dev\.m2\org\assertj\assertj-core\3.26.3\assertj-core-3.26.3.jar;C:\Users\a453813\dev\.m2\org\awaitility\awaitility\4.2.2\awaitility-4.2.2.jar;C:\Users\a453813\dev\.m2\org\hamcrest\hamcrest\2.2\hamcrest-2.2.jar;C:\Users\a453813\dev\.m2\org\junit\jupiter\junit-jupiter\5.11.4\junit-jupiter-5.11.4.jar;C:\Users\a453813\dev\.m2\org\junit\jupiter\junit-jupiter-api\5.11.4\junit-jupiter-api-5.11.4.jar;C:\Users\a453813\dev\.m2\org\opentest4j\opentest4j\1.3.0\opentest4j-1.3.0.jar;C:\Users\a453813\dev\.m2\org\junit\platform\junit-platform-commons\1.11.4\junit-platform-commons-1.11.4.jar;C:\Users\a453813\dev\.m2\org\apiguardian\apiguardian-api\1.1.2\apiguardian-api-1.1.2.jar;C:\Users\a453813\dev\.m2\org\junit\jupiter\junit-jupiter-params\5.11.4\junit-jupiter-params-5.11.4.jar;C:\Users\a453813\dev\.m2\org\junit\jupiter\junit-jupiter-engine\5.11.4\junit-jupiter-engine-5.11.4.jar;C:\Users\a453813\dev\.m2\org\junit\platform\junit-platform-engine\1.11.4\junit-platform-engine-1.11.4.jar;C:\Users\a453813\dev\.m2\org\mockito\mockito-core\5.14.2\mockito-core-5.14.2.jar;C:\Users\a453813\dev\.m2\net\bytebuddy\byte-buddy-agent\1.15.11\byte-buddy-agent-1.15.11.jar;C:\Users\a453813\dev\.m2\org\objenesis\objenesis\3.3\objenesis-3.3.jar;C:\Users\a453813\dev\.m2\org\mockito\mockito-junit-jupiter\5.14.2\mockito-junit-jupiter-5.14.2.jar;C:\Users\a453813\dev\.m2\org\skyscreamer\jsonassert\1.5.3\jsonassert-1.5.3.jar;C:\Users\a453813\dev\.m2\com\vaadin\external\google\android-json\0.0.20131108.vaadin1\android-json-0.0.20131108.vaadin1.jar;C:\Users\a453813\dev\.m2\org\springframework\spring-test\6.2.2\spring-test-6.2.2.jar;C:\Users\a453813\dev\.m2\org\xmlunit\xmlunit-core\2.10.0\xmlunit-core-2.10.0.jar;C:\Users\a453813\dev\.m2\org\springframework\boot\spring-boot-testcontainers\3.4.2\spring-boot-testcontainers-3.4.2.jar;C:\Users\a453813\dev\.m2\org\testcontainers\testcontainers\1.20.4\testcontainers-1.20.4.jar;C:\Users\a453813\dev\.m2\junit\junit\4.13.2\junit-4.13.2.jar;C:\Users\a453813\dev\.m2\org\hamcrest\hamcrest-core\2.2\hamcrest-core-2.2.jar;C:\Users\a453813\dev\.m2\org\apache\commons\commons-compress\1.24.0\commons-compress-1.24.0.jar;C:\Users\a453813\dev\.m2\org\rnorth\duct-tape\duct-tape\1.0.8\duct-tape-1.0.8.jar;C:\Users\a453813\dev\.m2\org\jetbrains\annotations\17.0.0\annotations-17.0.0.jar;C:\Users\a453813\dev\.m2\com\github\docker-java\docker-java-api\3.4.0\docker-java-api-3.4.0.jar;C:\Users\a453813\dev\.m2\com\github\docker-java\docker-java-transport-zerodep\3.4.0\docker-java-transport-zerodep-3.4.0.jar;C:\Users\a453813\dev\.m2\com\github\docker-java\docker-java-transport\3.4.0\docker-java-transport-3.4.0.jar;C:\Users\a453813\dev\.m2\net\java\dev\jna\jna\5.13.0\jna-5.13.0.jar;C:\Users\a453813\dev\.m2\org\testcontainers\junit-jupiter\1.20.4\junit-jupiter-1.20.4.jar;C:\Users\a453813\dev\.m2\org\postgresql\postgresql\42.7.3\postgresql-42.7.3.jar;C:\Users\a453813\dev\.m2\org\checkerframework\checker-qual\3.42.0\checker-qual-3.42.0.jar;C:\Users\a453813\dev\.m2\org\testcontainers\postgresql\1.20.4\postgresql-1.20.4.jar;C:\Users\a453813\dev\.m2\org\testcontainers\jdbc\1.20.4\jdbc-1.20.4.jar;C:\Users\a453813\dev\.m2\org\testcontainers\database-commons\1.20.4\database-commons-1.20.4.jar;C:\Users\a453813\dev\.m2\org\liquibase\liquibase-core\4.31.0\liquibase-core-4.31.0.jar;C:\Users\a453813\dev\.m2\com\opencsv\opencsv\5.9\opencsv-5.9.jar;C:\Users\a453813\dev\.m2\javax\xml\bind\jaxb-api\2.3.1\jaxb-api-2.3.1.jar;C:\Users\a453813\dev\.m2\org\apache\commons\commons-collections4\4.4\commons-collections4-4.4.jar;C:\Users\a453813\dev\.m2\org\apache\commons\commons-text\1.13.0\commons-text-1.13.0.jar;C:\Users\a453813\dev\.m2\commons-io\commons-io\2.18.0\commons-io-2.18.0.jar;C:\Users\a453813\dev\.m2\com\h2database\h2\2.3.232\h2-2.3.232.jar;"/>
    <property name="java.vm.vendor" value="Oracle Corporation"/>
    <property name="sun.arch.data.model" value="64"/>
    <property name="user.variant" value=""/>
    <property name="catalina.useNaming" value="false"/>
    <property name="java.vendor.url" value="https://java.oracle.com/"/>
    <property name="user.timezone" value="Europe/Paris"/>
    <property name="org.jboss.logging.provider" value="slf4j"/>
    <property name="os.name" value="Windows 11"/>
    <property name="java.vm.specification.version" value="21"/>
    <property name="APPLICATION_NAME" value="demo-testcontainers"/>
    <property name="sun.java.launcher" value="SUN_STANDARD"/>
    <property name="user.country" value="FR"/>
    <property name="sun.boot.library.path" value="C:\Users\a453813\dev\tools\Java\jdk-21\bin"/>
    <property name="sun.java.command" value="C:\Users\a453813\AppData\Local\Temp\surefire5247230384554848000\surefirebooter-20250211153450687_3.jar C:\Users\a453813\AppData\Local\Temp\surefire5247230384554848000 2025-02-11T15-34-50_169-jvmRun1 surefire-20250211153450687_1tmp surefire_0-20250211153450687_2tmp"/>
    <property name="jdk.debug" value="release"/>
    <property name="surefire.test.class.path" value="C:\Users\a453813\dev\git\formations\communaute_tech_pessac\demo-testcontainers\target\test-classes;C:\Users\a453813\dev\git\formations\communaute_tech_pessac\demo-testcontainers\target\classes;C:\Users\a453813\dev\.m2\org\springframework\boot\spring-boot-starter\3.4.2\spring-boot-starter-3.4.2.jar;C:\Users\a453813\dev\.m2\org\springframework\boot\spring-boot\3.4.2\spring-boot-3.4.2.jar;C:\Users\a453813\dev\.m2\org\springframework\spring-context\6.2.2\spring-context-6.2.2.jar;C:\Users\a453813\dev\.m2\org\springframework\boot\spring-boot-autoconfigure\3.4.2\spring-boot-autoconfigure-3.4.2.jar;C:\Users\a453813\dev\.m2\org\springframework\boot\spring-boot-starter-logging\3.4.2\spring-boot-starter-logging-3.4.2.jar;C:\Users\a453813\dev\.m2\ch\qos\logback\logback-classic\1.5.16\logback-classic-1.5.16.jar;C:\Users\a453813\dev\.m2\ch\qos\logback\logback-core\1.5.16\logback-core-1.5.16.jar;C:\Users\a453813\dev\.m2\org\apache\logging\log4j\log4j-to-slf4j\2.24.3\log4j-to-slf4j-2.24.3.jar;C:\Users\a453813\dev\.m2\org\apache\logging\log4j\log4j-api\2.24.3\log4j-api-2.24.3.jar;C:\Users\a453813\dev\.m2\org\slf4j\jul-to-slf4j\2.0.16\jul-to-slf4j-2.0.16.jar;C:\Users\a453813\dev\.m2\jakarta\annotation\jakarta.annotation-api\2.1.1\jakarta.annotation-api-2.1.1.jar;C:\Users\a453813\dev\.m2\org\springframework\spring-core\6.2.2\spring-core-6.2.2.jar;C:\Users\a453813\dev\.m2\org\springframework\spring-jcl\6.2.2\spring-jcl-6.2.2.jar;C:\Users\a453813\dev\.m2\org\yaml\snakeyaml\2.3\snakeyaml-2.3.jar;C:\Users\a453813\dev\.m2\org\springframework\boot\spring-boot-starter-validation\3.4.2\spring-boot-starter-validation-3.4.2.jar;C:\Users\a453813\dev\.m2\org\apache\tomcat\embed\tomcat-embed-el\10.1.34\tomcat-embed-el-10.1.34.jar;C:\Users\a453813\dev\.m2\org\hibernate\validator\hibernate-validator\8.0.2.Final\hibernate-validator-8.0.2.Final.jar;C:\Users\a453813\dev\.m2\org\jboss\logging\jboss-logging\3.6.1.Final\jboss-logging-3.6.1.Final.jar;C:\Users\a453813\dev\.m2\com\fasterxml\classmate\1.7.0\classmate-1.7.0.jar;C:\Users\a453813\dev\.m2\org\springframework\boot\spring-boot-starter-web\3.4.2\spring-boot-starter-web-3.4.2.jar;C:\Users\a453813\dev\.m2\org\springframework\boot\spring-boot-starter-json\3.4.2\spring-boot-starter-json-3.4.2.jar;C:\Users\a453813\dev\.m2\com\fasterxml\jackson\datatype\jackson-datatype-jdk8\2.18.2\jackson-datatype-jdk8-2.18.2.jar;C:\Users\a453813\dev\.m2\com\fasterxml\jackson\module\jackson-module-parameter-names\2.18.2\jackson-module-parameter-names-2.18.2.jar;C:\Users\a453813\dev\.m2\org\springframework\boot\spring-boot-starter-tomcat\3.4.2\spring-boot-starter-tomcat-3.4.2.jar;C:\Users\a453813\dev\.m2\org\apache\tomcat\embed\tomcat-embed-core\10.1.34\tomcat-embed-core-10.1.34.jar;C:\Users\a453813\dev\.m2\org\apache\tomcat\embed\tomcat-embed-websocket\10.1.34\tomcat-embed-websocket-10.1.34.jar;C:\Users\a453813\dev\.m2\org\springframework\spring-web\6.2.2\spring-web-6.2.2.jar;C:\Users\a453813\dev\.m2\org\springframework\spring-beans\6.2.2\spring-beans-6.2.2.jar;C:\Users\a453813\dev\.m2\io\micrometer\micrometer-observation\1.14.3\micrometer-observation-1.14.3.jar;C:\Users\a453813\dev\.m2\io\micrometer\micrometer-commons\1.14.3\micrometer-commons-1.14.3.jar;C:\Users\a453813\dev\.m2\org\springframework\spring-webmvc\6.2.2\spring-webmvc-6.2.2.jar;C:\Users\a453813\dev\.m2\org\springframework\spring-aop\6.2.2\spring-aop-6.2.2.jar;C:\Users\a453813\dev\.m2\org\springframework\spring-expression\6.2.2\spring-expression-6.2.2.jar;C:\Users\a453813\dev\.m2\org\springframework\boot\spring-boot-starter-data-jpa\3.4.2\spring-boot-starter-data-jpa-3.4.2.jar;C:\Users\a453813\dev\.m2\org\springframework\boot\spring-boot-starter-jdbc\3.4.2\spring-boot-starter-jdbc-3.4.2.jar;C:\Users\a453813\dev\.m2\com\zaxxer\HikariCP\5.1.0\HikariCP-5.1.0.jar;C:\Users\a453813\dev\.m2\org\springframework\spring-jdbc\6.2.2\spring-jdbc-6.2.2.jar;C:\Users\a453813\dev\.m2\org\hibernate\orm\hibernate-core\6.6.5.Final\hibernate-core-6.6.5.Final.jar;C:\Users\a453813\dev\.m2\jakarta\persistence\jakarta.persistence-api\3.1.0\jakarta.persistence-api-3.1.0.jar;C:\Users\a453813\dev\.m2\jakarta\transaction\jakarta.transaction-api\2.0.1\jakarta.transaction-api-2.0.1.jar;C:\Users\a453813\dev\.m2\org\hibernate\common\hibernate-commons-annotations\7.0.3.Final\hibernate-commons-annotations-7.0.3.Final.jar;C:\Users\a453813\dev\.m2\io\smallrye\jandex\3.2.0\jandex-3.2.0.jar;C:\Users\a453813\dev\.m2\net\bytebuddy\byte-buddy\1.15.11\byte-buddy-1.15.11.jar;C:\Users\a453813\dev\.m2\org\glassfish\jaxb\jaxb-runtime\4.0.5\jaxb-runtime-4.0.5.jar;C:\Users\a453813\dev\.m2\org\glassfish\jaxb\jaxb-core\4.0.5\jaxb-core-4.0.5.jar;C:\Users\a453813\dev\.m2\org\eclipse\angus\angus-activation\2.0.2\angus-activation-2.0.2.jar;C:\Users\a453813\dev\.m2\org\glassfish\jaxb\txw2\4.0.5\txw2-4.0.5.jar;C:\Users\a453813\dev\.m2\com\sun\istack\istack-commons-runtime\4.1.2\istack-commons-runtime-4.1.2.jar;C:\Users\a453813\dev\.m2\jakarta\inject\jakarta.inject-api\2.0.1\jakarta.inject-api-2.0.1.jar;C:\Users\a453813\dev\.m2\org\antlr\antlr4-runtime\4.13.0\antlr4-runtime-4.13.0.jar;C:\Users\a453813\dev\.m2\org\springframework\data\spring-data-jpa\3.4.2\spring-data-jpa-3.4.2.jar;C:\Users\a453813\dev\.m2\org\springframework\data\spring-data-commons\3.4.2\spring-data-commons-3.4.2.jar;C:\Users\a453813\dev\.m2\org\springframework\spring-orm\6.2.2\spring-orm-6.2.2.jar;C:\Users\a453813\dev\.m2\org\springframework\spring-tx\6.2.2\spring-tx-6.2.2.jar;C:\Users\a453813\dev\.m2\org\springframework\spring-aspects\6.2.2\spring-aspects-6.2.2.jar;C:\Users\a453813\dev\.m2\org\aspectj\aspectjweaver\1.9.22.1\aspectjweaver-1.9.22.1.jar;C:\Users\a453813\dev\.m2\org\projectlombok\lombok\1.18.36\lombok-1.18.36.jar;C:\Users\a453813\dev\.m2\org\apache\commons\commons-lang3\3.17.0\commons-lang3-3.17.0.jar;C:\Users\a453813\dev\.m2\org\springdoc\springdoc-openapi-starter-webmvc-ui\2.8.3\springdoc-openapi-starter-webmvc-ui-2.8.3.jar;C:\Users\a453813\dev\.m2\org\springdoc\springdoc-openapi-starter-webmvc-api\2.8.3\springdoc-openapi-starter-webmvc-api-2.8.3.jar;C:\Users\a453813\dev\.m2\org\springdoc\springdoc-openapi-starter-common\2.8.3\springdoc-openapi-starter-common-2.8.3.jar;C:\Users\a453813\dev\.m2\io\swagger\core\v3\swagger-core-jakarta\2.2.27\swagger-core-jakarta-2.2.27.jar;C:\Users\a453813\dev\.m2\io\swagger\core\v3\swagger-annotations-jakarta\2.2.27\swagger-annotations-jakarta-2.2.27.jar;C:\Users\a453813\dev\.m2\io\swagger\core\v3\swagger-models-jakarta\2.2.27\swagger-models-jakarta-2.2.27.jar;C:\Users\a453813\dev\.m2\org\webjars\swagger-ui\5.18.2\swagger-ui-5.18.2.jar;C:\Users\a453813\dev\.m2\org\webjars\webjars-locator-lite\1.0.1\webjars-locator-lite-1.0.1.jar;C:\Users\a453813\dev\.m2\org\jspecify\jspecify\1.0.0\jspecify-1.0.0.jar;C:\Users\a453813\dev\.m2\io\swagger\core\v3\swagger-core\2.2.28\swagger-core-2.2.28.jar;C:\Users\a453813\dev\.m2\jakarta\xml\bind\jakarta.xml.bind-api\4.0.2\jakarta.xml.bind-api-4.0.2.jar;C:\Users\a453813\dev\.m2\jakarta\activation\jakarta.activation-api\2.1.3\jakarta.activation-api-2.1.3.jar;C:\Users\a453813\dev\.m2\org\slf4j\slf4j-api\2.0.16\slf4j-api-2.0.16.jar;C:\Users\a453813\dev\.m2\com\fasterxml\jackson\core\jackson-annotations\2.18.2\jackson-annotations-2.18.2.jar;C:\Users\a453813\dev\.m2\com\fasterxml\jackson\core\jackson-databind\2.18.2\jackson-databind-2.18.2.jar;C:\Users\a453813\dev\.m2\com\fasterxml\jackson\core\jackson-core\2.18.2\jackson-core-2.18.2.jar;C:\Users\a453813\dev\.m2\com\fasterxml\jackson\dataformat\jackson-dataformat-yaml\2.18.2\jackson-dataformat-yaml-2.18.2.jar;C:\Users\a453813\dev\.m2\com\fasterxml\jackson\datatype\jackson-datatype-jsr310\2.18.2\jackson-datatype-jsr310-2.18.2.jar;C:\Users\a453813\dev\.m2\io\swagger\core\v3\swagger-models\2.2.28\swagger-models-2.2.28.jar;C:\Users\a453813\dev\.m2\jakarta\validation\jakarta.validation-api\3.0.2\jakarta.validation-api-3.0.2.jar;C:\Users\a453813\dev\.m2\io\swagger\core\v3\swagger-annotations\2.2.28\swagger-annotations-2.2.28.jar;C:\Users\a453813\dev\.m2\org\springframework\boot\spring-boot-starter-test\3.4.2\spring-boot-starter-test-3.4.2.jar;C:\Users\a453813\dev\.m2\org\springframework\boot\spring-boot-test\3.4.2\spring-boot-test-3.4.2.jar;C:\Users\a453813\dev\.m2\org\springframework\boot\spring-boot-test-autoconfigure\3.4.2\spring-boot-test-autoconfigure-3.4.2.jar;C:\Users\a453813\dev\.m2\com\jayway\jsonpath\json-path\2.9.0\json-path-2.9.0.jar;C:\Users\a453813\dev\.m2\net\minidev\json-smart\2.5.1\json-smart-2.5.1.jar;C:\Users\a453813\dev\.m2\net\minidev\accessors-smart\2.5.1\accessors-smart-2.5.1.jar;C:\Users\a453813\dev\.m2\org\ow2\asm\asm\9.6\asm-9.6.jar;C:\Users\a453813\dev\.m2\org\assertj\assertj-core\3.26.3\assertj-core-3.26.3.jar;C:\Users\a453813\dev\.m2\org\awaitility\awaitility\4.2.2\awaitility-4.2.2.jar;C:\Users\a453813\dev\.m2\org\hamcrest\hamcrest\2.2\hamcrest-2.2.jar;C:\Users\a453813\dev\.m2\org\junit\jupiter\junit-jupiter\5.11.4\junit-jupiter-5.11.4.jar;C:\Users\a453813\dev\.m2\org\junit\jupiter\junit-jupiter-api\5.11.4\junit-jupiter-api-5.11.4.jar;C:\Users\a453813\dev\.m2\org\opentest4j\opentest4j\1.3.0\opentest4j-1.3.0.jar;C:\Users\a453813\dev\.m2\org\junit\platform\junit-platform-commons\1.11.4\junit-platform-commons-1.11.4.jar;C:\Users\a453813\dev\.m2\org\apiguardian\apiguardian-api\1.1.2\apiguardian-api-1.1.2.jar;C:\Users\a453813\dev\.m2\org\junit\jupiter\junit-jupiter-params\5.11.4\junit-jupiter-params-5.11.4.jar;C:\Users\a453813\dev\.m2\org\junit\jupiter\junit-jupiter-engine\5.11.4\junit-jupiter-engine-5.11.4.jar;C:\Users\a453813\dev\.m2\org\junit\platform\junit-platform-engine\1.11.4\junit-platform-engine-1.11.4.jar;C:\Users\a453813\dev\.m2\org\mockito\mockito-core\5.14.2\mockito-core-5.14.2.jar;C:\Users\a453813\dev\.m2\net\bytebuddy\byte-buddy-agent\1.15.11\byte-buddy-agent-1.15.11.jar;C:\Users\a453813\dev\.m2\org\objenesis\objenesis\3.3\objenesis-3.3.jar;C:\Users\a453813\dev\.m2\org\mockito\mockito-junit-jupiter\5.14.2\mockito-junit-jupiter-5.14.2.jar;C:\Users\a453813\dev\.m2\org\skyscreamer\jsonassert\1.5.3\jsonassert-1.5.3.jar;C:\Users\a453813\dev\.m2\com\vaadin\external\google\android-json\0.0.20131108.vaadin1\android-json-0.0.20131108.vaadin1.jar;C:\Users\a453813\dev\.m2\org\springframework\spring-test\6.2.2\spring-test-6.2.2.jar;C:\Users\a453813\dev\.m2\org\xmlunit\xmlunit-core\2.10.0\xmlunit-core-2.10.0.jar;C:\Users\a453813\dev\.m2\org\springframework\boot\spring-boot-testcontainers\3.4.2\spring-boot-testcontainers-3.4.2.jar;C:\Users\a453813\dev\.m2\org\testcontainers\testcontainers\1.20.4\testcontainers-1.20.4.jar;C:\Users\a453813\dev\.m2\junit\junit\4.13.2\junit-4.13.2.jar;C:\Users\a453813\dev\.m2\org\hamcrest\hamcrest-core\2.2\hamcrest-core-2.2.jar;C:\Users\a453813\dev\.m2\org\apache\commons\commons-compress\1.24.0\commons-compress-1.24.0.jar;C:\Users\a453813\dev\.m2\org\rnorth\duct-tape\duct-tape\1.0.8\duct-tape-1.0.8.jar;C:\Users\a453813\dev\.m2\org\jetbrains\annotations\17.0.0\annotations-17.0.0.jar;C:\Users\a453813\dev\.m2\com\github\docker-java\docker-java-api\3.4.0\docker-java-api-3.4.0.jar;C:\Users\a453813\dev\.m2\com\github\docker-java\docker-java-transport-zerodep\3.4.0\docker-java-transport-zerodep-3.4.0.jar;C:\Users\a453813\dev\.m2\com\github\docker-java\docker-java-transport\3.4.0\docker-java-transport-3.4.0.jar;C:\Users\a453813\dev\.m2\net\java\dev\jna\jna\5.13.0\jna-5.13.0.jar;C:\Users\a453813\dev\.m2\org\testcontainers\junit-jupiter\1.20.4\junit-jupiter-1.20.4.jar;C:\Users\a453813\dev\.m2\org\postgresql\postgresql\42.7.3\postgresql-42.7.3.jar;C:\Users\a453813\dev\.m2\org\checkerframework\checker-qual\3.42.0\checker-qual-3.42.0.jar;C:\Users\a453813\dev\.m2\org\testcontainers\postgresql\1.20.4\postgresql-1.20.4.jar;C:\Users\a453813\dev\.m2\org\testcontainers\jdbc\1.20.4\jdbc-1.20.4.jar;C:\Users\a453813\dev\.m2\org\testcontainers\database-commons\1.20.4\database-commons-1.20.4.jar;C:\Users\a453813\dev\.m2\org\liquibase\liquibase-core\4.31.0\liquibase-core-4.31.0.jar;C:\Users\a453813\dev\.m2\com\opencsv\opencsv\5.9\opencsv-5.9.jar;C:\Users\a453813\dev\.m2\javax\xml\bind\jaxb-api\2.3.1\jaxb-api-2.3.1.jar;C:\Users\a453813\dev\.m2\org\apache\commons\commons-collections4\4.4\commons-collections4-4.4.jar;C:\Users\a453813\dev\.m2\org\apache\commons\commons-text\1.13.0\commons-text-1.13.0.jar;C:\Users\a453813\dev\.m2\commons-io\commons-io\2.18.0\commons-io-2.18.0.jar;C:\Users\a453813\dev\.m2\com\h2database\h2\2.3.232\h2-2.3.232.jar;"/>
    <property name="sun.cpu.endian" value="little"/>
    <property name="user.home" value="C:\Users\a453813"/>
    <property name="user.language" value="fr"/>
    <property name="java.specification.vendor" value="Oracle Corporation"/>
    <property name="java.version.date" value="2023-10-17"/>
    <property name="java.home" value="C:\Users\a453813\dev\tools\Java\jdk-21"/>
    <property name="file.separator" value="\"/>
    <property name="basedir" value="C:\Users\a453813\dev\git\formations\communaute_tech_pessac\demo-testcontainers"/>
    <property name="java.vm.compressedOopsMode" value="Zero based"/>
    <property name="line.separator" value="&#10;"/>
    <property name="java.vm.specification.vendor" value="Oracle Corporation"/>
    <property name="java.specification.name" value="Java Platform API Specification"/>
    <property name="FILE_LOG_CHARSET" value="UTF-8"/>
    <property name="java.awt.headless" value="true"/>
    <property name="surefire.real.class.path" value="C:\Users\a453813\AppData\Local\Temp\surefire5247230384554848000\surefirebooter-20250211153450687_3.jar"/>
    <property name="user.script" value=""/>
    <property name="sun.management.compiler" value="HotSpot 64-Bit Tiered Compilers"/>
    <property name="java.runtime.version" value="21.0.1+12-LTS-29"/>
    <property name="user.name" value="a453813"/>
    <property name="stdout.encoding" value="Cp1252"/>
    <property name="path.separator" value=";"/>
    <property name="os.version" value="10.0"/>
    <property name="java.runtime.name" value="Java(TM) SE Runtime Environment"/>
    <property name="file.encoding" value="UTF-8"/>
    <property name="java.vm.name" value="Java HotSpot(TM) 64-Bit Server VM"/>
    <property name="localRepository" value="C:\Users\a453813\dev\.m2"/>
    <property name="java.vendor.url.bug" value="https://bugreport.java.com/bugreport/"/>
    <property name="java.io.tmpdir" value="C:\Users\a453813\AppData\Local\Temp\"/>
    <property name="catalina.home" value="C:\Users\a453813\AppData\Local\Temp\tomcat.0.14899646136100650964"/>
    <property name="com.zaxxer.hikari.pool_number" value="1"/>
    <property name="java.version" value="21.0.1"/>
    <property name="user.dir" value="C:\Users\a453813\dev\git\formations\communaute_tech_pessac\demo-testcontainers"/>
    <property name="os.arch" value="amd64"/>
    <property name="java.vm.specification.name" value="Java Virtual Machine Specification"/>
    <property name="PID" value="33168"/>
    <property name="sun.os.patch.level" value=""/>
    <property name="CONSOLE_LOG_CHARSET" value="UTF-8"/>
    <property name="catalina.base" value="C:\Users\a453813\AppData\Local\Temp\tomcat.0.14899646136100650964"/>
    <property name="native.encoding" value="Cp1252"/>
    <property name="java.library.path" value="C:\Users\a453813\dev\tools\Java\jdk-21\bin;C:\Windows\Sun\Java\bin;C:\Windows\system32;C:\Windows;C:\Python313\Scripts\;C:\Python313\;C:\Windows\system32;C:\Windows;C:\Windows\System32\Wbem;C:\Windows\System32\WindowsPowerShell\v1.0\;C:\Windows\System32\OpenSSH\;C:\Program Files\TortoiseGit\bin;C:\Program Files (x86)\Common Files\Pulse Secure\VC142.CRT\X64\;C:\Program Files (x86)\Common Files\Pulse Secure\VC142.CRT\X86\;C:\Program Files (x86)\Pulse Secure\VC142.CRT\X64\;C:\Program Files (x86)\Pulse Secure\VC142.CRT\X86\;C:\Program Files (x86)\Common Files\Pulse Secure\TNC Client Plugin\;C:\Users\a453813\dev\tools\smimesign-windows-amd64-v0.2.0-rc1\;C:\Users\a453813\dev\tools\apache-maven-3.9.5\bin;C:\Program Files\Docker\Docker\resources\bin;%JAVA_HOME%\bin;C:\Users\a453813\dev\tools\nodejs\;C:\ProgramData\chocolatey\bin;C:\Program Files\PuTTY\;C:\Users\a453813\AppData\Local\Microsoft\WindowsApps;C:\Users\a453813\AppData\Local\Programs\Git\cmd;C:\Program Files (x86)\Nmap;C:\Users\a453813\dev\tools\apache-maven-3.9.5\bin;C:\Users\a453813\dev\tools\Java\jdk-21\bin;C:\Users\a453813\dev\tools\smimesign-windows-amd64-v0.2.0-rc1\smimesign;C:\Users\a453813\AppData\Roaming\npm;C:\Users\a453813\dev\tools\node-v22.12.0-win-x64;C:\Users\a453813\AppData\Local\Microsoft\WindowsApps;;."/>
    <property name="java.vm.info" value="mixed mode, sharing"/>
    <property name="stderr.encoding" value="Cp1252"/>
    <property name="java.vendor" value="Oracle Corporation"/>
    <property name="java.vm.version" value="21.0.1+12-LTS-29"/>
    <property name="sun.io.unicode.encoding" value="UnicodeLittle"/>
    <property name="java.class.version" value="65.0"/>
    <property name="LOGGED_APPLICATION_NAME" value="[demo-testcontainers] "/>
  </properties>
  <testcase name="testGetAthleteByCountryOk" classname="com.testcontainers.demo.service.AthleteServiceImplTest" time="0.181"/>
  <testcase name="testUpdateteAthleteOk" classname="com.testcontainers.demo.service.AthleteServiceImplTest" time="0.009"/>
  <testcase name="testGetAthleteBySurnameOk" classname="com.testcontainers.demo.service.AthleteServiceImplTest" time="0.007"/>
  <testcase name="testDeleteAthleteKo" classname="com.testcontainers.demo.service.AthleteServiceImplTest" time="0.017"/>
  <testcase name="testDeleteAthleteOk" classname="com.testcontainers.demo.service.AthleteServiceImplTest" time="0.011"/>
  <testcase name="testUpdateAthleteKo" classname="com.testcontainers.demo.service.AthleteServiceImplTest" time="0.008"/>
  <testcase name="testCreateAthlete" classname="com.testcontainers.demo.service.AthleteServiceImplTest" time="0.007"/>
  <testcase name="testGetAthleteByIdKo" classname="com.testcontainers.demo.service.AthleteServiceImplTest" time="0.006"/>
  <testcase name="testGetAthleteByIdOk" classname="com.testcontainers.demo.service.AthleteServiceImplTest" time="0.009"/>
  <testcase name="testGetAthleteBySportOk" classname="com.testcontainers.demo.service.AthleteServiceImplTest" time="0.005"/>
  <testcase name="testGetAllAthletesOk" classname="com.testcontainers.demo.service.AthleteServiceImplTest" time="0.005"/>
</testsuite>